<?xml version="1.0" encoding="UTF-8"?>
<testsuite xmlns:xsi="http://www.w3.org/2001/XMLSchema-instance" xsi:noNamespaceSchemaLocation="https://maven.apache.org/surefire/maven-surefire-plugin/xsd/surefire-test-report-3.0.xsd" version="3.0" name="runner.TestRunner" time="7.075" tests="3" errors="2" skipped="1" failures="0">
  <properties>
[...]
</properties>
  <testcase name="User run application" classname="Run android application via ADB" time="5.74">
    <error message="Could not start a new session. Response code 500. Message: An unknown server-side error occurred while processing the command. Original error: Could not find a driver for automationName &apos;XCUITest&apos; and platformName &apos;IOS&apos;. Have you installed a driver that supports those capabilities? Run &apos;appium driver list --installed&apos; to see. (Lower-level error: Could not find installed driver to support given caps) &#10;Host info: host: &apos;DESKTOP-10F2RV2&apos;, ip: &apos;192.168.2.23&apos;&#10;Build info: version: &apos;4.21.0&apos;, revision: &apos;79ed462ef4&apos;&#10;System info: os.name: &apos;Windows 10&apos;, os.arch: &apos;amd64&apos;, os.version: &apos;10.0&apos;, java.version: &apos;17.0.5&apos;&#10;Driver info: io.appium.java_client.ios.IOSDriver&#10;Command: [null, newSession {capabilities=[{appium:deviceName=Iphone 11, appium:automationName=XCUITest, platformName=IOS, appium:bundleId=com.example.apple-samplecode.UICatalog}], desiredCapabilities=Capabilities {automationName: XCUITest, bundleId: com.example.apple-samplecod..., deviceName: Iphone 11, platformName: IOS}}]&#10;Capabilities {automationName: XCUITest, bundleId: com.example.apple-samplecod..., deviceName: Iphone 11, platformName: IOS}" type="org.openqa.selenium.SessionNotCreatedException"><![CDATA[org.openqa.selenium.SessionNotCreatedException: 
Could not start a new session. Response code 500. Message: An unknown server-side error occurred while processing the command. Original error: Could not find a driver for automationName 'XCUITest' and platformName 'IOS'. Have you installed a driver that supports those capabilities? Run 'appium driver list --installed' to see. (Lower-level error: Could not find installed driver to support given caps) 
Host info: host: 'DESKTOP-10F2RV2', ip: '192.168.2.23'
Build info: version: '4.21.0', revision: '79ed462ef4'
System info: os.name: 'Windows 10', os.arch: 'amd64', os.version: '10.0', java.version: '17.0.5'
Driver info: io.appium.java_client.ios.IOSDriver
Command: [null, newSession {capabilities=[{appium:deviceName=Iphone 11, appium:automationName=XCUITest, platformName=IOS, appium:bundleId=com.example.apple-samplecode.UICatalog}], desiredCapabilities=Capabilities {automationName: XCUITest, bundleId: com.example.apple-samplecod..., deviceName: Iphone 11, platformName: IOS}}]
Capabilities {automationName: XCUITest, bundleId: com.example.apple-samplecod..., deviceName: Iphone 11, platformName: IOS}
	at org.openqa.selenium.remote.ProtocolHandshake.createSession(ProtocolHandshake.java:114)
	at java.base/jdk.internal.reflect.NativeMethodAccessorImpl.invoke0(Native Method)
	at java.base/jdk.internal.reflect.NativeMethodAccessorImpl.invoke(NativeMethodAccessorImpl.java:77)
	at java.base/jdk.internal.reflect.DelegatingMethodAccessorImpl.invoke(DelegatingMethodAccessorImpl.java:43)
	at java.base/java.lang.reflect.Method.invoke(Method.java:568)
	at io.appium.java_client.remote.AppiumProtocolHandshake.createSession(AppiumProtocolHandshake.java:116)
	at io.appium.java_client.remote.AppiumProtocolHandshake.createSession(AppiumProtocolHandshake.java:96)
	at io.appium.java_client.remote.AppiumCommandExecutor.createSession(AppiumCommandExecutor.java:176)
	at io.appium.java_client.remote.AppiumCommandExecutor.execute(AppiumCommandExecutor.java:237)
	at org.openqa.selenium.remote.RemoteWebDriver.execute(RemoteWebDriver.java:518)
	at io.appium.java_client.AppiumDriver.startSession(AppiumDriver.java:268)
	at org.openqa.selenium.remote.RemoteWebDriver.<init>(RemoteWebDriver.java:161)
	at io.appium.java_client.AppiumDriver.<init>(AppiumDriver.java:90)
	at io.appium.java_client.AppiumDriver.<init>(AppiumDriver.java:102)
	at io.appium.java_client.ios.IOSDriver.<init>(IOSDriver.java:101)
	at com.Appium2_0_Project.Base.InitializeDriver(Base.java:74)
	at steps.runAppSteps.user_run_application(runAppSteps.java:12)
	at ✽.User run application(file:///C:/Users/KhaledBEDOUI/IdeaProjects/Appium2.0_Project/src/test/java/features/runApp.feature:4)
]]></error>
    <system-out><![CDATA[
@Run-01
Scenario: Run android application via ADB         &amp#27;[90m# src/test/java/features/runApp.feature:3&amp#27;[0m
**** STARTING TEST ****
Session id: b277bc9d-0efc-490a-a981-dcda1d44e527
]]></system-out>
  </testcase>
  <testcase name="User swipe to the view button and click on" classname="Run android application via ADB" time="0.0">
    <skipped message="This step is skipped"/>
    <system-out><![CDATA[  &amp#27;[31mGiven &amp#27;[0m&amp#27;[31mUser run application&amp#27;[0m                      &amp#27;[90m# steps.runAppSteps.user_run_application()&amp#27;[0m
      &amp#27;[31morg.openqa.selenium.SessionNotCreatedException: Could not start a new session. Response code 500. Message: An unknown server-side error occurred while processing the command. Original error: Could not find a driver for automationName 'XCUITest' and platformName 'IOS'. Have you installed a driver that supports those capabilities? Run 'appium driver list --installed' to see. (Lower-level error: Could not find installed driver to support given caps) 
Host info: host: 'DESKTOP-10F2RV2', ip: '192.168.2.23'
Build info: version: '4.21.0', revision: '79ed462ef4'
System info: os.name: 'Windows 10', os.arch: 'amd64', os.version: '10.0', java.version: '17.0.5'
Driver info: io.appium.java_client.ios.IOSDriver
Command: [null, newSession {capabilities=[{appium:deviceName=Iphone 11, appium:automationName=XCUITest, platformName=IOS, appium:bundleId=com.example.apple-samplecode.UICatalog}], desiredCapabilities=Capabilities {automationName: XCUITest, bundleId: com.example.apple-samplecod..., deviceName: Iphone 11, platformName: IOS}}]
Capabilities {automationName: XCUITest, bundleId: com.example.apple-samplecod..., deviceName: Iphone 11, platformName: IOS}
	at org.openqa.selenium.remote.ProtocolHandshake.createSession(ProtocolHandshake.java:114)
	at java.base/jdk.internal.reflect.NativeMethodAccessorImpl.invoke0(Native Method)
	at java.base/jdk.internal.reflect.NativeMethodAccessorImpl.invoke(NativeMethodAccessorImpl.java:77)
	at java.base/jdk.internal.reflect.DelegatingMethodAccessorImpl.invoke(DelegatingMethodAccessorImpl.java:43)
	at java.base/java.lang.reflect.Method.invoke(Method.java:568)
	at io.appium.java_client.remote.AppiumProtocolHandshake.createSession(AppiumProtocolHandshake.java:116)
	at io.appium.java_client.remote.AppiumProtocolHandshake.createSession(AppiumProtocolHandshake.java:96)
	at io.appium.java_client.remote.AppiumCommandExecutor.createSession(AppiumCommandExecutor.java:176)
	at io.appium.java_client.remote.AppiumCommandExecutor.execute(AppiumCommandExecutor.java:237)
	at org.openqa.selenium.remote.RemoteWebDriver.execute(RemoteWebDriver.java:518)
	at io.appium.java_client.AppiumDriver.startSession(AppiumDriver.java:268)
	at org.openqa.selenium.remote.RemoteWebDriver.<init>(RemoteWebDriver.java:161)
	at io.appium.java_client.AppiumDriver.<init>(AppiumDriver.java:90)
	at io.appium.java_client.AppiumDriver.<init>(AppiumDriver.java:102)
	at io.appium.java_client.ios.IOSDriver.<init>(IOSDriver.java:101)
	at com.Appium2_0_Project.Base.InitializeDriver(Base.java:74)
	at steps.runAppSteps.user_run_application(runAppSteps.java:12)
	at âœ½.User run application(file:///C:/Users/KhaledBEDOUI/IdeaProjects/Appium2.0_Project/src/test/java/features/runApp.feature:4)
&amp#27;[0m
]]></system-out>
  </testcase>
  <testcase name="" classname="Run android application via ADB" time="0.805">
    <error message="Could not start a new session. Response code 500. Message: An unknown server-side error occurred while processing the command. Original error: Could not find a driver for automationName &apos;XCUITest&apos; and platformName &apos;IOS&apos;. Have you installed a driver that supports those capabilities? Run &apos;appium driver list --installed&apos; to see. (Lower-level error: Could not find installed driver to support given caps) &#10;Host info: host: &apos;DESKTOP-10F2RV2&apos;, ip: &apos;192.168.2.23&apos;&#10;Build info: version: &apos;4.21.0&apos;, revision: &apos;79ed462ef4&apos;&#10;System info: os.name: &apos;Windows 10&apos;, os.arch: &apos;amd64&apos;, os.version: &apos;10.0&apos;, java.version: &apos;17.0.5&apos;&#10;Driver info: io.appium.java_client.ios.IOSDriver&#10;Command: [null, newSession {capabilities=[{appium:deviceName=Iphone 11, appium:automationName=XCUITest, platformName=IOS, appium:bundleId=com.example.apple-samplecode.UICatalog}], desiredCapabilities=Capabilities {automationName: XCUITest, bundleId: com.example.apple-samplecod..., deviceName: Iphone 11, platformName: IOS}}]&#10;Capabilities {automationName: XCUITest, bundleId: com.example.apple-samplecod..., deviceName: Iphone 11, platformName: IOS}" type="org.openqa.selenium.SessionNotCreatedException"><![CDATA[org.openqa.selenium.SessionNotCreatedException: 
Could not start a new session. Response code 500. Message: An unknown server-side error occurred while processing the command. Original error: Could not find a driver for automationName 'XCUITest' and platformName 'IOS'. Have you installed a driver that supports those capabilities? Run 'appium driver list --installed' to see. (Lower-level error: Could not find installed driver to support given caps) 
Host info: host: 'DESKTOP-10F2RV2', ip: '192.168.2.23'
Build info: version: '4.21.0', revision: '79ed462ef4'
System info: os.name: 'Windows 10', os.arch: 'amd64', os.version: '10.0', java.version: '17.0.5'
Driver info: io.appium.java_client.ios.IOSDriver
Command: [null, newSession {capabilities=[{appium:deviceName=Iphone 11, appium:automationName=XCUITest, platformName=IOS, appium:bundleId=com.example.apple-samplecode.UICatalog}], desiredCapabilities=Capabilities {automationName: XCUITest, bundleId: com.example.apple-samplecod..., deviceName: Iphone 11, platformName: IOS}}]
Capabilities {automationName: XCUITest, bundleId: com.example.apple-samplecod..., deviceName: Iphone 11, platformName: IOS}
	at org.openqa.selenium.remote.ProtocolHandshake.createSession(ProtocolHandshake.java:114)
	at java.base/jdk.internal.reflect.NativeMethodAccessorImpl.invoke0(Native Method)
	at java.base/jdk.internal.reflect.NativeMethodAccessorImpl.invoke(NativeMethodAccessorImpl.java:77)
	at java.base/jdk.internal.reflect.DelegatingMethodAccessorImpl.invoke(DelegatingMethodAccessorImpl.java:43)
	at java.base/java.lang.reflect.Method.invoke(Method.java:568)
	at io.appium.java_client.remote.AppiumProtocolHandshake.createSession(AppiumProtocolHandshake.java:116)
	at io.appium.java_client.remote.AppiumProtocolHandshake.createSession(AppiumProtocolHandshake.java:96)
	at io.appium.java_client.remote.AppiumCommandExecutor.createSession(AppiumCommandExecutor.java:176)
	at io.appium.java_client.remote.AppiumCommandExecutor.execute(AppiumCommandExecutor.java:237)
	at org.openqa.selenium.remote.RemoteWebDriver.execute(RemoteWebDriver.java:518)
	at io.appium.java_client.AppiumDriver.startSession(AppiumDriver.java:268)
	at org.openqa.selenium.remote.RemoteWebDriver.<init>(RemoteWebDriver.java:161)
	at io.appium.java_client.AppiumDriver.<init>(AppiumDriver.java:90)
	at io.appium.java_client.AppiumDriver.<init>(AppiumDriver.java:102)
	at io.appium.java_client.ios.IOSDriver.<init>(IOSDriver.java:101)
	at com.Appium2_0_Project.Base.InitializeDriver(Base.java:74)
	at steps.runAppSteps.user_run_application(runAppSteps.java:12)
	at ✽.User run application(file:///C:/Users/KhaledBEDOUI/IdeaProjects/Appium2.0_Project/src/test/java/features/runApp.feature:4)
]]></error>
    <system-out><![CDATA[  &amp#27;[36mWhen &amp#27;[0m&amp#27;[36mUser swipe to the view button and click on&amp#27;[0m &amp#27;[90m# steps.runAppSteps.user_swipe_to_the_view_button_and_click_on()&amp#27;[0m

    Embedding image [image/png 78193 bytes]

]]></system-out>
  </testcase>
</testsuite>